/*C2*/SET SCHEMA DB2PRD
INSERT INTO TDOCTO_PSSOA_PODER VALUES(1666,'IMG:17666                                         ',123,2666,4666,NULL,2,'2013-11-12','2019-11-12','2013-11-29 11:02:45.171000','I901864  ',NULL,NULL,'I',NULL)
INSERT INTO THIST_DOCTO_PODER VALUES(1666,'IMG:17666                                         ','2013-11-29 11:02:45.171000',123,2666,4666,NULL,2,'2013-11-29 11:02:45.171000','I901864  ',NULL,NULL,'I','2019-11-12','2013-11-12',NULL)
INSERT INTO TDOCTO_PSSOA_PODER VALUES(1666,'IMG:18666                                         ',123,2666,4666,NULL,2,'2013-11-12','2019-11-12','2013-11-29 11:05:01.520000','I901864  ',NULL,NULL,'I',NULL)
INSERT INTO THIST_DOCTO_PODER VALUES(1666,'IMG:18666                                         ','2013-11-29 11:05:01.520000',123,2666,4666,NULL,2,'2013-11-29 11:05:01.520000','I901864  ',NULL,NULL,'I','2019-11-12','2013-11-12',NULL)
DELETE FROM TCTRL_IMAGE_DIGIT WHERE NCTRL_IMAGE_DIGIT=0
INSERT INTO TCTRL_IMAGE_DIGIT VALUES(0,1666,'CID:8855454                                       ',2666,4666,1,10,5,'2013-11-18 11:23:44.000000','I901864  ','2013-11-29 11:05:01.520000','I901864  ')
COMMIT
INSERT INTO TDOCTO_PSSOA_PODER VALUES(1666,'IMG:18999                                         ',3,2666,4666,NULL,2,'2013-11-12','2022-11-12','2013-11-29 11:05:01.535000','I918469  ',NULL,NULL,'I',NULL)
INSERT INTO THIST_DOCTO_PODER VALUES(1666,'IMG:18999                                         ','2013-11-29 11:05:01.535000',3,2666,4666,NULL,2,'2013-11-29 11:05:01.535000','I918469  ',NULL,NULL,'I','2022-11-12','2013-11-12',NULL)
DELETE FROM TCTRL_IMAGE_DIGIT WHERE NCTRL_IMAGE_DIGIT=0
INSERT INTO TCTRL_IMAGE_DIGIT VALUES(0,1666,'CID:8855454                                       ',2666,4666,1,10,6,'2013-11-18 11:23:44.000000','I901864  ','2013-11-29 11:05:01.535000','I918469  ')
COMMIT
INSERT INTO TDOCTO_PSSOA_PODER VALUES(1666,'IMG:19666                                         ',123,2666,4666,NULL,2,'2013-11-12','2019-11-12','2013-11-29 14:27:26.147000','I901864  ',NULL,NULL,'I',NULL)
INSERT INTO THIST_DOCTO_PODER VALUES(1666,'IMG:19666                                         ','2013-11-29 14:27:26.147000',123,2666,4666,NULL,2,'2013-11-29 14:27:26.147000','I901864  ',NULL,NULL,'I','2019-11-12','2013-11-12',NULL)
DELETE FROM TCTRL_IMAGE_DIGIT WHERE NCTRL_IMAGE_DIGIT=0
INSERT INTO TCTRL_IMAGE_DIGIT VALUES(0,1666,'CID:8855454                                       ',2666,4666,1,10,7,'2013-11-18 11:23:44.000000','I901864  ','2013-11-29 14:27:26.147000','I901864  ')
COMMIT
INSERT INTO TDOCTO_PSSOA_PODER VALUES(1666,'IMG:19999                                         ',3,2666,4666,NULL,2,'2013-11-12','2022-11-12','2013-11-29 14:27:26.163000','I918469  ',NULL,NULL,'I',NULL)
INSERT INTO THIST_DOCTO_PODER VALUES(1666,'IMG:19999                                         ','2013-11-29 14:27:26.163000',3,2666,4666,NULL,2,'2013-11-29 14:27:26.163000','I918469  ',NULL,NULL,'I','2022-11-12','2013-11-12',NULL)
DELETE FROM TCTRL_IMAGE_DIGIT WHERE NCTRL_IMAGE_DIGIT=0
INSERT INTO TCTRL_IMAGE_DIGIT VALUES(0,1666,'CID:8855454                                       ',2666,4666,1,10,8,'2013-11-18 11:23:44.000000','I901864  ','2013-11-29 14:27:26.163000','I918469  ')
COMMIT
INSERT INTO TDOCTO_PSSOA_PODER VALUES(1666,'IMG:20666                                         ',123,2666,4666,NULL,2,'2013-11-12','2019-11-12','2013-11-29 15:02:05.760000','I901864  ',NULL,NULL,'I',NULL)
INSERT INTO THIST_DOCTO_PODER VALUES(1666,'IMG:20666                                         ','2013-11-29 15:02:05.760000',123,2666,4666,NULL,2,'2013-11-29 15:02:05.760000','I901864  ',NULL,NULL,'I','2019-11-12','2013-11-12',NULL)
DELETE FROM TCTRL_IMAGE_DIGIT WHERE NCTRL_IMAGE_DIGIT=0
INSERT INTO TCTRL_IMAGE_DIGIT VALUES(0,1666,'CID:8855454                                       ',2666,4666,1,10,9,'2013-11-18 11:23:44.000000','I901864  ','2013-11-29 15:02:05.760000','I901864  ')
COMMIT
INSERT INTO TDOCTO_PSSOA_PODER VALUES(1666,'IMG:20999                                         ',3,2666,4666,NULL,2,'2013-11-12','2022-11-12','2013-11-29 15:02:05.775000','I918469  ',NULL,NULL,'I',NULL)
INSERT INTO THIST_DOCTO_PODER VALUES(1666,'IMG:20999                                         ','2013-11-29 15:02:05.775000',3,2666,4666,NULL,2,'2013-11-29 15:02:05.775000','I918469  ',NULL,NULL,'I','2022-11-12','2013-11-12',NULL)
DELETE FROM TCTRL_IMAGE_DIGIT WHERE NCTRL_IMAGE_DIGIT=0
COMMIT
